<?xml version="1.0" encoding="UTF-8"?>
<!-- Generated by org.testng.reporters.JUnitReportReporter -->
<testsuite skipped="0" hostname="LAPTOP-J03VR5B2" name="com.orangehrm.testcases.LoginPageTest" tests="3" failures="0" timestamp="2020-06-08T22:48:03 IST" time="55.866" errors="0">
  <testcase name="LoginPageTitleTest" time="22.986" classname="com.orangehrm.testcases.LoginPageTest"/>
  <system-out/>
  <testcase name="LoginPageLogoTest" time="12.299" classname="com.orangehrm.testcases.LoginPageTest"/>
  <system-out/>
  <testcase name="LoginTest" time="20.581" classname="com.orangehrm.testcases.LoginPageTest"/>
  <system-out/>
</testsuite> <!-- com.orangehrm.testcases.LoginPageTest -->
