<?xml version="1.0" encoding="UTF-8"?>
<!-- Generated by org.testng.reporters.JUnitReportReporter -->
<testsuite skipped="0" hostname="LAPTOP-J03VR5B2" name="com.orangehrm.testcases.LoginPageTest" tests="3" failures="0" timestamp="2020-07-15T13:27:16 IST" time="62.297" errors="0">
  <testcase name="LoginPageTitleTest" time="22.922" classname="com.orangehrm.testcases.LoginPageTest"/>
  <system-out/>
  <testcase name="LoginPageLogoTest" time="17.770" classname="com.orangehrm.testcases.LoginPageTest"/>
  <system-out/>
  <testcase name="LoginTest" time="21.605" classname="com.orangehrm.testcases.LoginPageTest"/>
  <system-out/>
</testsuite> <!-- com.orangehrm.testcases.LoginPageTest -->
